0 info it worked if it ends with ok
1 verbose cli [ 'C:\\Program Files\\nodejs\\node.exe',
1 verbose cli   'C:\\Program Files\\nodejs\\node_modules\\npm\\bin\\npm-cli.js',
1 verbose cli   'run',
1 verbose cli   'start' ]
2 info using npm@3.10.8
3 info using node@v6.9.1
4 verbose run-script [ 'prestart', 'start', 'poststart' ]
5 info lifecycle happy-team@0.0.1~prestart: happy-team@0.0.1
6 silly lifecycle happy-team@0.0.1~prestart: no script for prestart, continuing
7 info lifecycle happy-team@0.0.1~start: happy-team@0.0.1
8 verbose lifecycle happy-team@0.0.1~start: unsafe-perm in lifecycle true
9 verbose lifecycle happy-team@0.0.1~start: PATH: C:\Program Files\nodejs\node_modules\npm\bin\node-gyp-bin;C:\Users\dvp5596\Documents\happy-team\node_modules\.bin;C:\WINDOWS\system32;C:\WINDOWS;C:\WINDOWS\System32\Wbem;C:\WINDOWS\System32\WindowsPowerShell\v1.0\;C:\Program Files (x86)\IBM\Lotus\Notes;C:\NotesSQL;C:\Program Files (x86)\GTD Outils;C:\Program Files (x86)\Apache Software Foundation\apache-maven-3.0.4\bin;C:\Ant\bin;C:\Program Files\nodejs\;C:\Program Files\TortoiseGit\bin;C:\wl1031\jdk160_20\bin;C:\Users\dvp5596\AppData\Local\atom\bin;C:\Users\dvp5596\AppData\Local\Programs\Git\cmd;C:\Users\dvp5596\AppData\Roaming\npm
10 verbose lifecycle happy-team@0.0.1~start: CWD: C:\Users\dvp5596\Documents\happy-team
11 silly lifecycle happy-team@0.0.1~start: Args: [ '/d /s /c', 'nodemon ./bin/www' ]
12 silly lifecycle happy-team@0.0.1~start: Returned: code: 1  signal: null
13 info lifecycle happy-team@0.0.1~start: Failed to exec start script
14 verbose stack Error: happy-team@0.0.1 start: `nodemon ./bin/www`
14 verbose stack Exit status 1
14 verbose stack     at EventEmitter.<anonymous> (C:\Program Files\nodejs\node_modules\npm\lib\utils\lifecycle.js:255:16)
14 verbose stack     at emitTwo (events.js:106:13)
14 verbose stack     at EventEmitter.emit (events.js:191:7)
14 verbose stack     at ChildProcess.<anonymous> (C:\Program Files\nodejs\node_modules\npm\lib\utils\spawn.js:40:14)
14 verbose stack     at emitTwo (events.js:106:13)
14 verbose stack     at ChildProcess.emit (events.js:191:7)
14 verbose stack     at maybeClose (internal/child_process.js:877:16)
14 verbose stack     at Process.ChildProcess._handle.onexit (internal/child_process.js:226:5)
15 verbose pkgid happy-team@0.0.1
16 verbose cwd C:\Users\dvp5596\Documents\happy-team
17 error Windows_NT 6.1.7601
18 error argv "C:\\Program Files\\nodejs\\node.exe" "C:\\Program Files\\nodejs\\node_modules\\npm\\bin\\npm-cli.js" "run" "start"
19 error node v6.9.1
20 error npm  v3.10.8
21 error code ELIFECYCLE
22 error happy-team@0.0.1 start: `nodemon ./bin/www`
22 error Exit status 1
23 error Failed at the happy-team@0.0.1 start script 'nodemon ./bin/www'.
23 error Make sure you have the latest version of node.js and npm installed.
23 error If you do, this is most likely a problem with the happy-team package,
23 error not with npm itself.
23 error Tell the author that this fails on your system:
23 error     nodemon ./bin/www
23 error You can get information on how to open an issue for this project with:
23 error     npm bugs happy-team
23 error Or if that isn't available, you can get their info via:
23 error     npm owner ls happy-team
23 error There is likely additional logging output above.
24 verbose exit [ 1, true ]
